<?xml version="1.0" encoding="utf-8" standalone="no"?>
<!--This file represents the results of running a test suite-->
<test-results name="D:\Karthik\KFIT\Poc\ReceivingGoods\ReceivingGoods.nunit" total="1" errors="0" failures="0" not-run="0" inconclusive="0" ignored="0" skipped="0" invalid="0" date="2014-10-04" time="12:02:45">
  <environment nunit-version="2.6.3.13283" clr-version="2.0.50727.5485" os-version="Microsoft Windows NT 6.1.7601 Service Pack 1" platform="Win32NT" cwd="D:\Karthik\KFIT\soft\NUnit-2.6.3\NUnit-2.6.3\bin" machine-name="KARTHIK-NB" user="DE" user-domain="KARTHIK-NB" />
  <culture-info current-culture="en-US" current-uiculture="en-US" />
  <test-suite type="Project" name="D:\Karthik\KFIT\Poc\ReceivingGoods\ReceivingGoods.nunit" executed="True" result="Success" success="True" time="0.614" asserts="0">
    <results>
      <test-suite type="Assembly" name="D:\Karthik\KFIT\Poc\ReceivingGoods\Receiving\bin\Debug\Receiving.dll" executed="True" result="Success" success="True" time="0.587" asserts="0">
        <results>
          <test-suite type="Namespace" name="Receiving" executed="True" result="Success" success="True" time="0.587" asserts="0">
            <results>
              <test-suite type="TestFixture" name="EnterASNTest" executed="True" result="Success" success="True" time="0.582" asserts="0">
                <results>
                  <test-case name="Receiving.EnterASNTest.TestASN" executed="True" result="Success" success="True" time="0.564" asserts="0" />
                </results>
              </test-suite>
            </results>
          </test-suite>
        </results>
      </test-suite>
    </results>
  </test-suite>
</test-results>